构建决策树，可能需要花费1～2分钟...

################################################################################
                              开始猜80个单词
################################################################################
--------------------------------------------------------------------------------
猜测第1个单词，长度为5，可以猜错10次。
猜测的字母：S，结果: [****S]，还可以猜错10次。
猜测的字母：E，结果: [***ES]，还可以猜错10次。
猜测的字母：A，结果: [***ES]，还可以猜错9次。
猜测的字母：I，结果: [***ES]，还可以猜错8次。
猜测的字母：O，结果: [***ES]，还可以猜错7次。
猜测的字母：U，结果: [*U*ES]，还可以猜错7次。
猜测的字母：L，结果: [LU*ES]，还可以猜错7次。
猜测的字母：B，结果: [LU*ES]，还可以猜错6次。
猜测的字母：C，结果: [LU*ES]，还可以猜错5次。
猜测的字母：D，结果: [LU*ES]，还可以猜错4次。
猜测的字母：G，结果: [LU*ES]，还可以猜错3次。
猜测的字母：N，结果: [LU*ES]，还可以猜错2次。
猜测的字母：R，结果: [LU*ES]，还可以猜错1次。
猜测的字母：T，结果: [LUTES]，还可以猜错1次。
[依次猜过的字母]  ["S", "E", "A", "I", "O", "U", "L", "B", "C", "D", "G", "N", "R", "T"]，共14个
[结果]            成功 | LUTES！

--------------------------------------------------------------------------------
猜测第2个单词，长度为5，可以猜错10次。
猜测的字母：S，结果: [*****]，还可以猜错9次。
猜测的字母：E，结果: [***E*]，还可以猜错9次。
猜测的字母：R，结果: [***ER]，还可以猜错9次。
猜测的字母：A，结果: [***ER]，还可以猜错8次。
猜测的字母：I，结果: [*I*ER]，还可以猜错8次。
猜测的字母：L，结果: [*I*ER]，还可以猜错7次。
猜测的字母：D，结果: [DI*ER]，还可以猜错7次。
猜测的字母：C，结果: [DI*ER]，还可以猜错6次。
猜测的字母：K，结果: [DI*ER]，还可以猜错5次。
猜测的字母：M，结果: [DI*ER]，还可以猜错4次。
猜测的字母：N，结果: [DI*ER]，还可以猜错3次。
猜测的字母：V，结果: [DIVER]，还可以猜错3次。
[依次猜过的字母]  ["S", "E", "R", "A", "I", "L", "D", "C", "K", "M", "N", "V"]，共12个
[结果]            成功 | DIVER！

--------------------------------------------------------------------------------
猜测第3个单词，长度为3，可以猜错10次。
猜测的字母：A，结果: [***]，还可以猜错9次。
猜测的字母：E，结果: [E*E]，还可以猜错9次。
猜测的字母：K，结果: [E*E]，还可以猜错8次。
猜测的字母：M，结果: [E*E]，还可以猜错7次。
猜测的字母：R，结果: [E*E]，还可以猜错6次。
猜测的字母：V，结果: [EVE]，还可以猜错6次。
[依次猜过的字母]  ["A", "E", "K", "M", "R", "V"]，共6个
[结果]            成功 | EVE！

--------------------------------------------------------------------------------
猜测第4个单词，长度为5，可以猜错10次。
猜测的字母：S，结果: [*****]，还可以猜错9次。
猜测的字母：E，结果: [***E*]，还可以猜错9次。
猜测的字母：R，结果: [***E*]，还可以猜错8次。
猜测的字母：D，结果: [***ED]，还可以猜错8次。
猜测的字母：A，结果: [***ED]，还可以猜错7次。
猜测的字母：O，结果: [*O*ED]，还可以猜错7次。
猜测的字母：L，结果: [*O*ED]，还可以猜错6次。
猜测的字母：T，结果: [*O*ED]，还可以猜错5次。
猜测的字母：C，结果: [*O*ED]，还可以猜错4次。
猜测的字母：W，结果: [*O*ED]，还可以猜错3次。
猜测的字母：H，结果: [*O*ED]，还可以猜错2次。
猜测的字母：K，结果: [*O*ED]，还可以猜错1次。
猜测的字母：X，结果: [*O*ED]，还可以猜错0次。
[依次猜过的字母]  ["S", "E", "R", "D", "A", "O", "L", "T", "C", "W", "H", "K", "X"]，共13个
[结果]            失败 | *O*ED！

--------------------------------------------------------------------------------
猜测第5个单词，长度为5，可以猜错10次。
猜测的字母：S，结果: [*****]，还可以猜错9次。
猜测的字母：E，结果: [****E]，还可以猜错9次。
猜测的字母：A，结果: [A*A*E]，还可以猜错9次。
猜测的字母：G，结果: [AGA*E]，还可以猜错9次。
猜测的字母：P，结果: [AGA*E]，还可以猜错8次。
猜测的字母：T，结果: [AGA*E]，还可以猜错7次。
猜测的字母：V，结果: [AGAVE]，还可以猜错7次。
[依次猜过的字母]  ["S", "E", "A", "G", "P", "T", "V"]，共7个
[结果]            成功 | AGAVE！

--------------------------------------------------------------------------------
猜测第6个单词，长度为5，可以猜错10次。
猜测的字母：S，结果: [*****]，还可以猜错9次。
猜测的字母：E，结果: [*****]，还可以猜错8次。
猜测的字母：A，结果: [*A***]，还可以猜错8次。
猜测的字母：Y，结果: [*A***]，还可以猜错7次。
猜测的字母：I，结果: [*A***]，还可以猜错6次。
猜测的字母：O，结果: [*A*O*]，还可以猜错6次。
猜测的字母：R，结果: [*A*O*]，还可以猜错5次。
猜测的字母：N，结果: [*A*O*]，还可以猜错4次。
猜测的字母：G，结果: [GA*O*]，还可以猜错4次。
猜测的字母：L，结果: [GALO*]，还可以猜错4次。
猜测的字母：P，结果: [GALOP]，还可以猜错4次。
[依次猜过的字母]  ["S", "E", "A", "Y", "I", "O", "R", "N", "G", "L", "P"]，共11个
[结果]            成功 | GALOP！

--------------------------------------------------------------------------------
猜测第7个单词，长度为4，可以猜错10次。
猜测的字母：A，结果: [****]，还可以猜错9次。
猜测的字母：E，结果: [****]，还可以猜错8次。
猜测的字母：O，结果: [****]，还可以猜错7次。
猜测的字母：I，结果: [*I**]，还可以猜错7次。
猜测的字母：S，结果: [*I**]，还可以猜错6次。
猜测的字母：L，结果: [*I**]，还可以猜错5次。
猜测的字母：N，结果: [*I**]，还可以猜错4次。
猜测的字母：T，结果: [TI**]，还可以猜错4次。
猜测的字母：Y，结果: [TI*Y]，还可以猜错4次。
猜测的字母：D，结果: [TIDY]，还可以猜错4次。
[依次猜过的字母]  ["A", "E", "O", "I", "S", "L", "N", "T", "Y", "D"]，共10个
[结果]            成功 | TIDY！

--------------------------------------------------------------------------------
猜测第8个单词，长度为5，可以猜错10次。
猜测的字母：S，结果: [****S]，还可以猜错10次。
猜测的字母：E，结果: [****S]，还可以猜错9次。
猜测的字母：A，结果: [****S]，还可以猜错8次。
猜测的字母：O，结果: [*O**S]，还可以猜错8次。
猜测的字母：L，结果: [*O**S]，还可以猜错7次。
猜测的字母：R，结果: [*O**S]，还可以猜错6次。
猜测的字母：N，结果: [*O**S]，还可以猜错5次。
猜测的字母：C，结果: [*O**S]，还可以猜错4次。
猜测的字母：T，结果: [*O**S]，还可以猜错3次。
猜测的字母：H，结果: [*O**S]，还可以猜错2次。
猜测的字母：M，结果: [*O**S]，还可以猜错1次。
猜测的字母：G，结果: [*OG*S]，还可以猜错1次。
猜测的字母：B，结果: [BOG*S]，还可以猜错1次。
猜测的字母：U，结果: [BOGUS]，还可以猜错1次。
[依次猜过的字母]  ["S", "E", "A", "O", "L", "R", "N", "C", "T", "H", "M", "G", "B", "U"]，共14个
[结果]            成功 | BOGUS！

--------------------------------------------------------------------------------
猜测第9个单词，长度为5，可以猜错10次。
猜测的字母：S，结果: [****S]，还可以猜错10次。
猜测的字母：E，结果: [***ES]，还可以猜错10次。
猜测的字母：A，结果: [*A*ES]，还可以猜错10次。
猜测的字母：R，结果: [*A*ES]，还可以猜错9次。
猜测的字母：M，结果: [*A*ES]，还可以猜错8次。
猜测的字母：T，结果: [*A*ES]，还可以猜错7次。
猜测的字母：L，结果: [*A*ES]，还可以猜错6次。
猜测的字母：N，结果: [*A*ES]，还可以猜错5次。
猜测的字母：C，结果: [*A*ES]，还可以猜错4次。
猜测的字母：D，结果: [*A*ES]，还可以猜错3次。
猜测的字母：G，结果: [GA*ES]，还可以猜错3次。
猜测的字母：P，结果: [GA*ES]，还可以猜错2次。
猜测的字母：Z，结果: [GAZES]，还可以猜错2次。
[依次猜过的字母]  ["S", "E", "A", "R", "M", "T", "L", "N", "C", "D", "G", "P", "Z"]，共13个
[结果]            成功 | GAZES！

--------------------------------------------------------------------------------
猜测第10个单词，长度为5，可以猜错10次。
猜测的字母：S，结果: [S***S]，还可以猜错10次。
猜测的字母：A，结果: [S***S]，还可以猜错9次。
猜测的字母：E，结果: [S***S]，还可以猜错8次。
猜测的字母：O，结果: [S*O*S]，还可以猜错8次。
猜测的字母：T，结果: [S*OTS]，还可以猜错8次。
猜测的字母：C，结果: [S*OTS]，还可以猜错7次。
猜测的字母：H，结果: [SHOTS]，还可以猜错7次。
[依次猜过的字母]  ["S", "A", "E", "O", "T", "C", "H"]，共7个
[结果]            成功 | SHOTS！

--------------------------------------------------------------------------------
猜测第11个单词，长度为5，可以猜错10次。
猜测的字母：S，结果: [****S]，还可以猜错10次。
猜测的字母：E，结果: [****S]，还可以猜错9次。
猜测的字母：A，结果: [****S]，还可以猜错8次。
猜测的字母：O，结果: [*OO*S]，还可以猜错8次。
猜测的字母：L，结果: [*OO*S]，还可以猜错7次。
猜测的字母：D，结果: [*OO*S]，还可以猜错6次。
猜测的字母：N，结果: [*OO*S]，还可以猜错5次。
猜测的字母：F，结果: [*OO*S]，还可以猜错4次。
猜测的字母：K，结果: [*OOKS]，还可以猜错4次。
猜测的字母：B，结果: [BOOKS]，还可以猜错4次。
[依次猜过的字母]  ["S", "E", "A", "O", "L", "D", "N", "F", "K", "B"]，共10个
[结果]            成功 | BOOKS！

--------------------------------------------------------------------------------
猜测第12个单词，长度为5，可以猜错10次。
猜测的字母：S，结果: [****S]，还可以猜错10次。
猜测的字母：E，结果: [****S]，还可以猜错9次。
猜测的字母：A，结果: [****S]，还可以猜错8次。
猜测的字母：O，结果: [*O**S]，还可以猜错8次。
猜测的字母：L，结果: [*O**S]，还可以猜错7次。
猜测的字母：R，结果: [*O**S]，还可以猜错6次。
猜测的字母：N，结果: [*O**S]，还可以猜错5次。
猜测的字母：C，结果: [*O**S]，还可以猜错4次。
猜测的字母：T，结果: [TO**S]，还可以猜错4次。
猜测的字母：F，结果: [TO**S]，还可以猜错3次。
猜测的字母：P，结果: [TO**S]，还可以猜错2次。
猜测的字母：B，结果: [TO*BS]，还可以猜错2次。
猜测的字母：M，结果: [TOMBS]，还可以猜错2次。
[依次猜过的字母]  ["S", "E", "A", "O", "L", "R", "N", "C", "T", "F", "P", "B", "M"]，共13个
[结果]            成功 | TOMBS！

--------------------------------------------------------------------------------
猜测第13个单词，长度为5，可以猜错10次。
猜测的字母：S，结果: [*****]，还可以猜错9次。
猜测的字母：E，结果: [*****]，还可以猜错8次。
猜测的字母：A，结果: [*A***]，还可以猜错8次。
猜测的字母：Y，结果: [*A***]，还可以猜错7次。
猜测的字母：I，结果: [*A***]，还可以猜错6次。
猜测的字母：O，结果: [*A*O*]，还可以猜错6次。
猜测的字母：R，结果: [*A*O*]，还可以猜错5次。
猜测的字母：N，结果: [*A*ON]，还可以猜错5次。
猜测的字母：C，结果: [*A*ON]，还可以猜错4次。
猜测的字母：T，结果: [*A*ON]，还可以猜错3次。
猜测的字母：G，结果: [*A*ON]，还可以猜错2次。
[依次猜过的字母]  ["S", "E", "A", "Y", "I", "O", "R", "N", "C", "T", "G"]，共11个
[结果]            失败 | *A*ON！

--------------------------------------------------------------------------------
猜测第14个单词，长度为4，可以猜错10次。
猜测的字母：A，结果: [*A**]，还可以猜错10次。
猜测的字母：S，结果: [*A**]，还可以猜错9次。
猜测的字母：E，结果: [*A*E]，还可以猜错9次。
猜测的字母：M，结果: [*A*E]，还可以猜错8次。
猜测的字母：R，结果: [*A*E]，还可以猜错7次。
猜测的字母：L，结果: [*A*E]，还可以猜错6次。
猜测的字母：C，结果: [*A*E]，还可以猜错5次。
猜测的字母：N，结果: [*A*E]，还可以猜错4次。
猜测的字母：T，结果: [*A*E]，还可以猜错3次。
猜测的字母：D，结果: [*ADE]，还可以猜错3次。
猜测的字母：B，结果: [*ADE]，还可以猜错2次。
猜测的字母：F，结果: [*ADE]，还可以猜错1次。
猜测的字母：H，结果: [*ADE]，还可以猜错0次。
[依次猜过的字母]  ["A", "S", "E", "M", "R", "L", "C", "N", "T", "D", "B", "F", "H"]，共13个
[结果]            失败 | *ADE！

--------------------------------------------------------------------------------
猜测第15个单词，长度为5，可以猜错10次。
猜测的字母：S，结果: [*****]，还可以猜错9次。
猜测的字母：E，结果: [*****]，还可以猜错8次。
猜测的字母：A，结果: [A****]，还可以猜错8次。
猜测的字母：O，结果: [A*O**]，还可以猜错8次。
猜测的字母：T，结果: [A*O**]，还可以猜错7次。
猜测的字母：L，结果: [A*O**]，还可以猜错6次。
猜测的字母：N，结果: [A*O*N]，还可以猜错6次。
猜测的字母：D，结果: [A*O*N]，还可以猜错5次。
猜测的字母：C，结果: [ACO*N]，还可以猜错5次。
猜测的字母：R，结果: [ACORN]，还可以猜错5次。
[依次猜过的字母]  ["S", "E", "A", "O", "T", "L", "N", "D", "C", "R"]，共10个
[结果]            成功 | ACORN！

--------------------------------------------------------------------------------
猜测第16个单词，长度为4，可以猜错10次。
猜测的字母：A，结果: [****]，还可以猜错9次。
猜测的字母：E，结果: [**E*]，还可以猜错9次。
猜测的字母：S，结果: [**E*]，还可以猜错8次。
猜测的字母：R，结果: [**E*]，还可以猜错7次。
猜测的字母：L，结果: [**E*]，还可以猜错6次。
猜测的字母：D，结果: [**E*]，还可以猜错5次。
猜测的字母：H，结果: [**E*]，还可以猜错4次。
猜测的字母：O，结果: [O*E*]，还可以猜错4次。
猜测的字母：N，结果: [O*E*]，还可以猜错3次。
猜测的字母：Y，结果: [O*EY]，还可以猜错3次。
猜测的字母：B，结果: [OBEY]，还可以猜错3次。
[依次猜过的字母]  ["A", "E", "S", "R", "L", "D", "H", "O", "N", "Y", "B"]，共11个
[结果]            成功 | OBEY！

--------------------------------------------------------------------------------
猜测第17个单词，长度为5，可以猜错10次。
猜测的字母：S，结果: [****S]，还可以猜错10次。
猜测的字母：E，结果: [*E**S]，还可以猜错10次。
猜测的字母：A，结果: [*EA*S]，还可以猜错10次。
猜测的字母：R，结果: [*EA*S]，还可以猜错9次。
猜测的字母：L，结果: [*EA*S]，还可以猜错8次。
猜测的字母：N，结果: [*EA*S]，还可以猜错7次。
猜测的字母：T，结果: [*EA*S]，还可以猜错6次。
猜测的字母：B，结果: [*EA*S]，还可以猜错5次。
猜测的字母：D，结果: [*EA*S]，还可以猜错4次。
猜测的字母：P，结果: [PEA*S]，还可以猜错4次。
猜测的字母：G，结果: [PEA*S]，还可以猜错3次。
猜测的字母：K，结果: [PEAKS]，还可以猜错3次。
[依次猜过的字母]  ["S", "E", "A", "R", "L", "N", "T", "B", "D", "P", "G", "K"]，共12个
[结果]            成功 | PEAKS！

--------------------------------------------------------------------------------
猜测第18个单词，长度为2，可以猜错10次。
猜测的字母：A，结果: [**]，还可以猜错9次。
猜测的字母：O，结果: [**]，还可以猜错8次。
猜测的字母：E，结果: [**]，还可以猜错7次。
猜测的字母：I，结果: [I*]，还可以猜错7次。
猜测的字母：D，结果: [I*]，还可以猜错6次。
猜测的字母：F，结果: [I*]，还可以猜错5次。
猜测的字母：N，结果: [I*]，还可以猜错4次。
猜测的字母：S，结果: [IS]，还可以猜错4次。
[依次猜过的字母]  ["A", "O", "E", "I", "D", "F", "N", "S"]，共8个
[结果]            成功 | IS！

--------------------------------------------------------------------------------
猜测第19个单词，长度为4，可以猜错10次。
猜测的字母：A，结果: [*A**]，还可以猜错10次。
猜测的字母：S，结果: [*A*S]，还可以猜错10次。
猜测的字母：T，结果: [*A*S]，还可以猜错9次。
猜测的字母：P，结果: [*A*S]，还可以猜错8次。
猜测的字母：G，结果: [*A*S]，还可以猜错7次。
猜测的字母：D，结果: [*A*S]，还可以猜错6次。
猜测的字母：Y，结果: [*A*S]，还可以猜错5次。
猜测的字母：W，结果: [*A*S]，还可以猜错4次。
猜测的字母：M，结果: [*AMS]，还可以猜错4次。
猜测的字母：B，结果: [*AMS]，还可以猜错3次。
猜测的字母：C，结果: [*AMS]，还可以猜错2次。
猜测的字母：H，结果: [HAMS]，还可以猜错2次。
[依次猜过的字母]  ["A", "S", "T", "P", "G", "D", "Y", "W", "M", "B", "C", "H"]，共12个
[结果]            成功 | HAMS！

--------------------------------------------------------------------------------
猜测第20个单词，长度为5，可以猜错10次。
猜测的字母：S，结果: [*****]，还可以猜错9次。
猜测的字母：E，结果: [***E*]，还可以猜错9次。
猜测的字母：R，结果: [***E*]，还可以猜错8次。
猜测的字母：D，结果: [***E*]，还可以猜错7次。
猜测的字母：L，结果: [***E*]，还可以猜错6次。
猜测的字母：N，结果: [***E*]，还可以猜错5次。
猜测的字母：O，结果: [***E*]，还可以猜错4次。
猜测的字母：A，结果: [***E*]，还可以猜错3次。
猜测的字母：I，结果: [**IE*]，还可以猜错3次。
猜测的字母：F，结果: [**IEF]，还可以猜错3次。
猜测的字母：H，结果: [*HIEF]，还可以猜错3次。
猜测的字母：C，结果: [*HIEF]，还可以猜错2次。
猜测的字母：T，结果: [THIEF]，还可以猜错2次。
[依次猜过的字母]  ["S", "E", "R", "D", "L", "N", "O", "A", "I", "F", "H", "C", "T"]，共13个
[结果]            成功 | THIEF！

--------------------------------------------------------------------------------
猜测第21个单词，长度为8，可以猜错10次。
猜测的字母：E，结果: [********]，还可以猜错9次。
猜测的字母：I，结果: [*****I**]，还可以猜错9次。
猜测的字母：N，结果: [*****IN*]，还可以猜错9次。
猜测的字母：G，结果: [*****ING]，还可以猜错9次。
猜测的字母：A，结果: [*****ING]，还可以猜错8次。
猜测的字母：O，结果: [*****ING]，还可以猜错7次。
猜测的字母：U，结果: [**U**ING]，还可以猜错7次。
猜测的字母：S，结果: [S*U**ING]，还可以猜错7次。
猜测的字母：L，结果: [S*U**ING]，还可以猜错6次。
猜测的字母：T，结果: [STU**ING]，还可以猜错6次。
猜测的字母：D，结果: [STU**ING]，还可以猜错5次。
猜测的字母：M，结果: [STU**ING]，还可以猜错4次。
猜测的字母：B，结果: [STU**ING]，还可以猜错3次。
猜测的字母：F，结果: [STUFFING]，还可以猜错3次。
[依次猜过的字母]  ["E", "I", "N", "G", "A", "O", "U", "S", "L", "T", "D", "M", "B", "F"]，共14个
[结果]            成功 | STUFFING！

--------------------------------------------------------------------------------
猜测第22个单词，长度为8，可以猜错10次。
猜测的字母：E，结果: [E*******]，还可以猜错10次。
猜测的字母：I，结果: [E**I**I*]，还可以猜错10次。
猜测的字母：C，结果: [E**I**I*]，还可以猜错9次。
猜测的字母：L，结果: [E**I**I*]，还可以猜错8次。
[依次猜过的字母]  ["E", "I", "C", "L"]，共4个
[结果]            失败 | E**I**I*！

--------------------------------------------------------------------------------
猜测第23个单词，长度为8，可以猜错10次。
猜测的字母：E，结果: [*E******]，还可以猜错10次。
猜测的字母：I，结果: [*E******]，还可以猜错9次。
猜测的字母：A，结果: [*E******]，还可以猜错8次。
猜测的字母：O，结果: [*E***O**]，还可以猜错8次。
猜测的字母：S，结果: [*E***O*S]，还可以猜错8次。
猜测的字母：N，结果: [*E***O*S]，还可以猜错7次。
猜测的字母：B，结果: [*E***O*S]，还可以猜错6次。
猜测的字母：D，结果: [DE***O*S]，还可以猜错6次。
猜测的字母：R，结果: [DE**RO*S]，还可以猜错6次。
猜测的字母：T，结果: [DE*TRO*S]，还可以猜错6次。
猜测的字母：U，结果: [DE*TROUS]，还可以猜错6次。
猜测的字母：X，结果: [DEXTROUS]，还可以猜错6次。
[依次猜过的字母]  ["E", "I", "A", "O", "S", "N", "B", "D", "R", "T", "U", "X"]，共12个
[结果]            成功 | DEXTROUS！

--------------------------------------------------------------------------------
猜测第24个单词，长度为6，可以猜错10次。
猜测的字母：E，结果: [****E*]，还可以猜错10次。
猜测的字母：R，结果: [****E*]，还可以猜错9次。
猜测的字母：D，结果: [****E*]，还可以猜错8次。
猜测的字母：S，结果: [S***E*]，还可以猜错8次。
猜测的字母：N，结果: [S***EN]，还可以猜错8次。
猜测的字母：K，结果: [S***EN]，还可以猜错7次。
猜测的字母：O，结果: [S***EN]，还可以猜错6次。
猜测的字母：A，结果: [S*A*EN]，还可以猜错6次。
猜测的字母：H，结果: [S*A*EN]，还可以猜错5次。
猜测的字母：M，结果: [S*AMEN]，还可以猜错5次。
猜测的字母：T，结果: [STAMEN]，还可以猜错5次。
[依次猜过的字母]  ["E", "R", "D", "S", "N", "K", "O", "A", "H", "M", "T"]，共11个
[结果]            成功 | STAMEN！

--------------------------------------------------------------------------------
猜测第25个单词，长度为7，可以猜错10次。
猜测的字母：E，结果: [*E***E*]，还可以猜错10次。
猜测的字母：R，结果: [*E***E*]，还可以猜错9次。
猜测的字母：S，结果: [*E***E*]，还可以猜错8次。
猜测的字母：D，结果: [DE**DED]，还可以猜错8次。
猜测的字母：C，结果: [DE**DED]，还可以猜错7次。
猜测的字母：U，结果: [DE*UDED]，还可以猜错7次。
猜测的字母：L，结果: [DELUDED]，还可以猜错7次。
[依次猜过的字母]  ["E", "R", "S", "D", "C", "U", "L"]，共7个
[结果]            成功 | DELUDED！

--------------------------------------------------------------------------------
猜测第26个单词，长度为8，可以猜错10次。
猜测的字母：E，结果: [********]，还可以猜错9次。
猜测的字母：I，结果: [**I*****]，还可以猜错9次。
猜测的字母：A，结果: [**I**A**]，还可以猜错9次。
猜测的字母：S，结果: [**I**A**]，还可以猜错8次。
猜测的字母：R，结果: [**I**A**]，还可以猜错7次。
猜测的字母：N，结果: [**I**AN*]，还可以猜错7次。
猜测的字母：B，结果: [**I**AN*]，还可以猜错6次。
猜测的字母：F，结果: [F*I**AN*]，还可以猜错6次。
猜测的字母：L，结果: [FLI**AN*]，还可以猜错6次。
猜测的字母：P，结果: [FLIPPAN*]，还可以猜错6次。
猜测的字母：T，结果: [FLIPPANT]，还可以猜错6次。
[依次猜过的字母]  ["E", "I", "A", "S", "R", "N", "B", "F", "L", "P", "T"]，共11个
[结果]            成功 | FLIPPANT！

--------------------------------------------------------------------------------
猜测第27个单词，长度为8，可以猜错10次。
猜测的字母：E，结果: [********]，还可以猜错9次。
猜测的字母：I，结果: [*****I**]，还可以猜错9次。
猜测的字母：N，结果: [***N*IN*]，还可以猜错9次。
猜测的字母：G，结果: [***NGING]，还可以猜错9次。
猜测的字母：A，结果: [***NGING]，还可以猜错8次。
猜测的字母：O，结果: [**ONGING]，还可以猜错8次。
猜测的字母：P，结果: [**ONGING]，还可以猜错7次。
猜测的字母：R，结果: [*RONGING]，还可以猜错7次。
猜测的字母：W，结果: [WRONGING]，还可以猜错7次。
[依次猜过的字母]  ["E", "I", "N", "G", "A", "O", "P", "R", "W"]，共9个
[结果]            成功 | WRONGING！

--------------------------------------------------------------------------------
猜测第28个单词，长度为8，可以猜错10次。
猜测的字母：E，结果: [********]，还可以猜错9次。
猜测的字母：I，结果: [********]，还可以猜错8次。
猜测的字母：A，结果: [A***A***]，还可以猜错8次。
猜测的字母：L，结果: [A***A***]，还可以猜错7次。
猜测的字母：S，结果: [A***A**S]，还可以猜错7次。
猜测的字母：C，结果: [A***AC*S]，还可以猜错7次。
猜测的字母：R，结果: [A**RAC*S]，还可以猜错7次。
猜测的字母：T，结果: [ATTRACTS]，还可以猜错7次。
[依次猜过的字母]  ["E", "I", "A", "L", "S", "C", "R", "T"]，共8个
[结果]            成功 | ATTRACTS！

--------------------------------------------------------------------------------
猜测第29个单词，长度为7，可以猜错10次。
猜测的字母：E，结果: [*****E*]，还可以猜错10次。
猜测的字母：S，结果: [S****E*]，还可以猜错10次。
猜测的字母：R，结果: [S****ER]，还可以猜错10次。
猜测的字母：I，结果: [S****ER]，还可以猜错9次。
猜测的字母：A，结果: [S****ER]，还可以猜错8次。
猜测的字母：U，结果: [S****ER]，还可以猜错7次。
猜测的字母：O，结果: [S*O**ER]，还可以猜错7次。
猜测的字母：C，结果: [S*O**ER]，还可以猜错6次。
猜测的字母：P，结果: [S*OPPER]，还可以猜错6次。
猜测的字母：H，结果: [S*OPPER]，还可以猜错5次。
猜测的字母：T，结果: [STOPPER]，还可以猜错5次。
[依次猜过的字母]  ["E", "S", "R", "I", "A", "U", "O", "C", "P", "H", "T"]，共11个
[结果]            成功 | STOPPER！

--------------------------------------------------------------------------------
猜测第30个单词，长度为7，可以猜错10次。
猜测的字母：E，结果: [*E*****]，还可以猜错10次。
猜测的字母：S，结果: [*E****S]，还可以猜错10次。
猜测的字母：R，结果: [*E****S]，还可以猜错9次。
猜测的字母：A，结果: [*E*A**S]，还可以猜错9次。
猜测的字母：L，结果: [*E*ALLS]，还可以猜错9次。
猜测的字母：B，结果: [BE*ALLS]，还可以猜错9次。
猜测的字母：F，结果: [BEFALLS]，还可以猜错9次。
[依次猜过的字母]  ["E", "S", "R", "A", "L", "B", "F"]，共7个
[结果]            成功 | BEFALLS！

--------------------------------------------------------------------------------
猜测第31个单词，长度为8，可以猜错10次。
猜测的字母：E，结果: [**E***E*]，还可以猜错10次。
猜测的字母：R，结果: [*RE***E*]，还可以猜错10次。
猜测的字母：S，结果: [*RE***E*]，还可以猜错9次。
猜测的字母：D，结果: [*RE***ED]，还可以猜错9次。
猜测的字母：C，结果: [*RE***ED]，还可以猜错8次。
猜测的字母：P，结果: [*RE***ED]，还可以猜错7次。
猜测的字母：T，结果: [*RE***ED]，还可以猜错6次。
猜测的字母：F，结果: [FRE***ED]，还可以猜错6次。
猜测的字母：I，结果: [FRE**IED]，还可以猜错6次。
猜测的字母：N，结果: [FREN*IED]，还可以猜错6次。
猜测的字母：Z，结果: [FRENZIED]，还可以猜错6次。
[依次猜过的字母]  ["E", "R", "S", "D", "C", "P", "T", "F", "I", "N", "Z"]，共11个
[结果]            成功 | FRENZIED！

--------------------------------------------------------------------------------
猜测第32个单词，长度为8，可以猜错10次。
猜测的字母：E，结果: [********]，还可以猜错9次。
猜测的字母：I，结果: [*****I**]，还可以猜错9次。
猜测的字母：N，结果: [*****IN*]，还可以猜错9次。
猜测的字母：G，结果: [*****ING]，还可以猜错9次。
猜测的字母：A，结果: [*****ING]，还可以猜错8次。
猜测的字母：O，结果: [**OO*ING]，还可以猜错8次。
猜测的字母：S，结果: [**OO*ING]，还可以猜错7次。
猜测的字母：R，结果: [**OORING]，还可以猜错7次。
猜测的字母：F，结果: [F*OORING]，还可以猜错7次。
猜测的字母：L，结果: [FLOORING]，还可以猜错7次。
[依次猜过的字母]  ["E", "I", "N", "G", "A", "O", "S", "R", "F", "L"]，共10个
[结果]            成功 | FLOORING！

--------------------------------------------------------------------------------
猜测第33个单词，长度为7，可以猜错10次。
猜测的字母：E，结果: [*****E*]，还可以猜错10次。
猜测的字母：S，结果: [*****E*]，还可以猜错9次。
猜测的字母：R，结果: [*R***E*]，还可以猜错9次。
猜测的字母：D，结果: [DR***E*]，还可以猜错9次。
猜测的字母：T，结果: [DR***E*]，还可以猜错8次。
猜测的字母：N，结果: [DR*N*EN]，还可以猜错8次。
猜测的字母：K，结果: [DR*NKEN]，还可以猜错8次。
猜测的字母：U，结果: [DRUNKEN]，还可以猜错8次。
[依次猜过的字母]  ["E", "S", "R", "D", "T", "N", "K", "U"]，共8个
[结果]            成功 | DRUNKEN！

--------------------------------------------------------------------------------
猜测第34个单词，长度为7，可以猜错10次。
猜测的字母：E，结果: [*****E*]，还可以猜错10次。
猜测的字母：S，结果: [*****ES]，还可以猜错10次。
猜测的字母：I，结果: [*****ES]，还可以猜错9次。
猜测的字母：A，结果: [*****ES]，还可以猜错8次。
猜测的字母：O，结果: [*****ES]，还可以猜错7次。
猜测的字母：U，结果: [*U***ES]，还可以猜错7次。
猜测的字母：L，结果: [*U**LES]，还可以猜错7次。
猜测的字母：B，结果: [BU**LES]，还可以猜错7次。
猜测的字母：D，结果: [BU*DLES]，还可以猜错7次。
猜测的字母：N，结果: [BUNDLES]，还可以猜错7次。
[依次猜过的字母]  ["E", "S", "I", "A", "O", "U", "L", "B", "D", "N"]，共10个
[结果]            成功 | BUNDLES！

--------------------------------------------------------------------------------
猜测第35个单词，长度为6，可以猜错10次。
猜测的字母：E，结果: [****E*]，还可以猜错10次。
猜测的字母：R，结果: [****E*]，还可以猜错9次。
猜测的字母：D，结果: [****E*]，还可以猜错8次。
猜测的字母：S，结果: [S***E*]，还可以猜错8次。
猜测的字母：N，结果: [S***E*]，还可以猜错7次。
猜测的字母：L，结果: [S***EL]，还可以猜错7次。
猜测的字母：I，结果: [S***EL]，还可以猜错6次。
猜测的字母：H，结果: [SH**EL]，还可以猜错6次。
猜测的字母：O，结果: [SHO*EL]，还可以猜错6次。
猜测的字母：V，结果: [SHOVEL]，还可以猜错6次。
[依次猜过的字母]  ["E", "R", "D", "S", "N", "L", "I", "H", "O", "V"]，共10个
[结果]            成功 | SHOVEL！

--------------------------------------------------------------------------------
猜测第36个单词，长度为7，可以猜错10次。
猜测的字母：E，结果: [****E**]，还可以猜错10次。
猜测的字母：S，结果: [****E*S]，还可以猜错10次。
猜测的字母：R，结果: [R***ERS]，还可以猜错10次。
猜测的字母：I，结果: [R***ERS]，还可以猜错9次。
猜测的字母：O，结果: [R***ERS]，还可以猜错8次。
猜测的字母：A，结果: [RA**ERS]，还可以猜错8次。
猜测的字母：N，结果: [RA**ERS]，还可以猜错7次。
猜测的字母：T，结果: [RA*TERS]，还可以猜错7次。
猜测的字母：F，结果: [RAFTERS]，还可以猜错7次。
[依次猜过的字母]  ["E", "S", "R", "I", "O", "A", "N", "T", "F"]，共9个
[结果]            成功 | RAFTERS！

--------------------------------------------------------------------------------
猜测第37个单词，长度为6，可以猜错10次。
猜测的字母：E，结果: [**E***]，还可以猜错10次。
猜测的字母：S，结果: [S*E**S]，还可以猜错10次。
猜测的字母：A，结果: [S*EA*S]，还可以猜错10次。
猜测的字母：T，结果: [STEA*S]，还可以猜错10次。
猜测的字母：D，结果: [STEA*S]，还可以猜错9次。
猜测的字母：K，结果: [STEAKS]，还可以猜错9次。
[依次猜过的字母]  ["E", "S", "A", "T", "D", "K"]，共6个
[结果]            成功 | STEAKS！

--------------------------------------------------------------------------------
猜测第38个单词，长度为7，可以猜错10次。
猜测的字母：E，结果: [***E***]，还可以猜错10次。
猜测的字母：A，结果: [***E*A*]，还可以猜错10次。
猜测的字母：R，结果: [***ERA*]，还可以猜错10次。
猜测的字母：L，结果: [L**ERAL]，还可以猜错10次。
猜测的字母：I，结果: [LI*ERAL]，还可以猜错10次。
猜测的字母：B，结果: [LIBERAL]，还可以猜错10次。
[依次猜过的字母]  ["E", "A", "R", "L", "I", "B"]，共6个
[结果]            成功 | LIBERAL！

--------------------------------------------------------------------------------
猜测第39个单词，长度为7，可以猜错10次。
猜测的字母：E，结果: [*******]，还可以猜错9次。
猜测的字母：I，结果: [****I**]，还可以猜错9次。
猜测的字母：N，结果: [***NIN*]，还可以猜错9次。
猜测的字母：G，结果: [***NING]，还可以猜错9次。
猜测的字母：A，结果: [**ANING]，还可以猜错9次。
猜测的字母：L，结果: [**ANING]，还可以猜错8次。
猜测的字母：C，结果: [C*ANING]，还可以猜错8次。
猜测的字母：R，结果: [CRANING]，还可以猜错8次。
[依次猜过的字母]  ["E", "I", "N", "G", "A", "L", "C", "R"]，共8个
[结果]            成功 | CRANING！

--------------------------------------------------------------------------------
猜测第40个单词，长度为8，可以猜错10次。
猜测的字母：E，结果: [********]，还可以猜错9次。
猜测的字母：I，结果: [*****I**]，还可以猜错9次。
猜测的字母：N，结果: [**N**I**]，还可以猜错9次。
猜测的字母：A，结果: [**N**I**]，还可以猜错8次。
猜测的字母：S，结果: [**N**IS*]，还可以猜错8次。
猜测的字母：O，结果: [*ON**IS*]，还可以猜错8次。
猜测的字母：F，结果: [*ON*FIS*]，还可以猜错8次。
猜测的字母：H，结果: [*ON*FISH]，还可以猜错8次。
猜测的字母：K，结果: [*ONKFISH]，还可以猜错8次。
猜测的字母：M，结果: [MONKFISH]，还可以猜错8次。
[依次猜过的字母]  ["E", "I", "N", "A", "S", "O", "F", "H", "K", "M"]，共10个
[结果]            成功 | MONKFISH！

--------------------------------------------------------------------------------
猜测第41个单词，长度为9，可以猜错10次。
猜测的字母：E，结果: [*E*E*****]，还可以猜错10次。
猜测的字母：N，结果: [*E*EN**N*]，还可以猜错10次。
猜测的字母：G，结果: [*E*EN**N*]，还可以猜错9次。
猜测的字母：A，结果: [*E*EN*AN*]，还可以猜错9次。
猜测的字母：T，结果: [*E*ENTANT]，还可以猜错9次。
猜测的字母：P，结果: [*EPENTANT]，还可以猜错9次。
猜测的字母：R，结果: [REPENTANT]，还可以猜错9次。
[依次猜过的字母]  ["E", "N", "G", "A", "T", "P", "R"]，共7个
[结果]            成功 | REPENTANT！

--------------------------------------------------------------------------------
猜测第42个单词，长度为12，可以猜错10次。
猜测的字母：E，结果: [***********E]，还可以猜错10次。
猜测的字母：I，结果: [****I******E]，还可以猜错10次。
猜测的字母：T，结果: [*TT*I**T***E]，还可以猜错10次。
猜测的字母：A，结果: [ATT*I**TA**E]，还可以猜错10次。
猜测的字母：B，结果: [ATT*IB*TAB*E]，还可以猜错10次。
猜测的字母：L，结果: [ATT*IB*TABLE]，还可以猜错10次。
猜测的字母：R，结果: [ATTRIB*TABLE]，还可以猜错10次。
猜测的字母：U，结果: [ATTRIBUTABLE]，还可以猜错10次。
[依次猜过的字母]  ["E", "I", "T", "A", "B", "L", "R", "U"]，共8个
[结果]            成功 | ATTRIBUTABLE！

--------------------------------------------------------------------------------
猜测第43个单词，长度为11，可以猜错10次。
猜测的字母：E，结果: [***********]，还可以猜错9次。
猜测的字母：I，结果: [*I******I**]，还可以猜错9次。
猜测的字母：N，结果: [*I******IN*]，还可以猜错9次。
猜测的字母：G，结果: [*I******ING]，还可以猜错9次。
猜测的字母：S，结果: [*IS***S*ING]，还可以猜错9次。
猜测的字母：R，结果: [*IS*R*S*ING]，还可以猜错9次。
猜测的字母：T，结果: [*ISTR*STING]，还可以猜错9次。
猜测的字母：M，结果: [MISTR*STING]，还可以猜错9次。
猜测的字母：U，结果: [MISTRUSTING]，还可以猜错9次。
[依次猜过的字母]  ["E", "I", "N", "G", "S", "R", "T", "M", "U"]，共9个
[结果]            成功 | MISTRUSTING！

--------------------------------------------------------------------------------
猜测第44个单词，长度为9，可以猜错10次。
猜测的字母：E，结果: [******E**]，还可以猜错10次。
猜测的字母：S，结果: [******ES*]，还可以猜错10次。
猜测的字母：T，结果: [******EST]，还可以猜错10次。
猜测的字母：I，结果: [**I**IEST]，还可以猜错10次。
猜测的字母：R，结果: [*RI**IEST]，还可以猜错10次。
猜测的字母：P，结果: [*RI**IEST]，还可以猜错9次。
猜测的字母：F，结果: [FRI**IEST]，还可以猜错9次。
猜测的字母：G，结果: [FRI**IEST]，还可以猜错8次。
猜测的字母：L，结果: [FRILLIEST]，还可以猜错8次。
[依次猜过的字母]  ["E", "S", "T", "I", "R", "P", "F", "G", "L"]，共9个
[结果]            成功 | FRILLIEST！

--------------------------------------------------------------------------------
猜测第45个单词，长度为12，可以猜错10次。
猜测的字母：E，结果: [**E*********]，还可以猜错10次。
猜测的字母：I，结果: [**E***I*****]，还可以猜错10次。
猜测的字母：A，结果: [**E***I*****]，还可以猜错9次。
猜测的字母：C，结果: [**EC*CI*****]，还可以猜错9次。
猜测的字母：L，结果: [**EC*CI***L*]，还可以猜错9次。
猜测的字母：O，结果: [**ECOCIO**L*]，还可以猜错9次。
猜测的字母：P，结果: [P*ECOCIO**L*]，还可以猜错9次。
猜测的字母：R，结果: [PRECOCIO**L*]，还可以猜错9次。
猜测的字母：S，结果: [PRECOCIO*SL*]，还可以猜错9次。
猜测的字母：U，结果: [PRECOCIOUSL*]，还可以猜错9次。
猜测的字母：Y，结果: [PRECOCIOUSLY]，还可以猜错9次。
[依次猜过的字母]  ["E", "I", "A", "C", "L", "O", "P", "R", "S", "U", "Y"]，共11个
[结果]            成功 | PRECOCIOUSLY！

--------------------------------------------------------------------------------
猜测第46个单词，长度为12，可以猜错10次。
猜测的字母：E，结果: [**********E*]，还可以猜错10次。
猜测的字母：S，结果: [****SS****ES]，还可以猜错10次。
猜测的字母：C，结果: [**C*SS****ES]，还可以猜错10次。
猜测的字母：D，结果: [**C*SS***DES]，还可以猜错10次。
猜测的字母：I，结果: [*ICISSI**DES]，还可以猜错10次。
猜测的字母：T，结果: [*ICISSIT*DES]，还可以猜错10次。
猜测的字母：U，结果: [*ICISSITUDES]，还可以猜错10次。
猜测的字母：V，结果: [VICISSITUDES]，还可以猜错10次。
[依次猜过的字母]  ["E", "S", "C", "D", "I", "T", "U", "V"]，共8个
[结果]            成功 | VICISSITUDES！

--------------------------------------------------------------------------------
猜测第47个单词，长度为9，可以猜错10次。
猜测的字母：E，结果: [***E*****]，还可以猜错10次。
猜测的字母：I，结果: [I**E**I**]，还可以猜错10次。
猜测的字母：N，结果: [IN*E*NI**]，还可以猜错10次。
猜测的字母：D，结果: [INDE*NI**]，还可以猜错10次。
猜测的字母：M，结果: [INDEMNI**]，还可以猜错10次。
猜测的字母：Y，结果: [INDEMNI*Y]，还可以猜错10次。
猜测的字母：F，结果: [INDEMNIFY]，还可以猜错10次。
[依次猜过的字母]  ["E", "I", "N", "D", "M", "Y", "F"]，共7个
[结果]            成功 | INDEMNIFY！

--------------------------------------------------------------------------------
猜测第48个单词，长度为12，可以猜错10次。
猜测的字母：E，结果: [************]，还可以猜错9次。
猜测的字母：I，结果: [*I*******I**]，还可以猜错9次。
猜测的字母：S，结果: [*I***S***IS*]，还可以猜错9次。
猜测的字母：C，结果: [*IC**SC**IS*]，还可以猜错9次。
猜测的字母：M，结果: [MIC**SC**IS*]，还可以猜错9次。
猜测的字母：O，结果: [MIC*OSCO*IS*]，还可以猜错9次。
猜测的字母：P，结果: [MIC*OSCOPIS*]，还可以猜错9次。
猜测的字母：R，结果: [MICROSCOPIS*]，还可以猜错9次。
猜测的字母：T，结果: [MICROSCOPIST]，还可以猜错9次。
[依次猜过的字母]  ["E", "I", "S", "C", "M", "O", "P", "R", "T"]，共9个
[结果]            成功 | MICROSCOPIST！

--------------------------------------------------------------------------------
猜测第49个单词，长度为9，可以猜错10次。
猜测的字母：E，结果: [*********]，还可以猜错9次。
猜测的字母：I，结果: [*I***I***]，还可以猜错9次。
猜测的字母：S，结果: [*I*S*I**S]，还可以猜错9次。
猜测的字母：T，结果: [*I*STI**S]，还可以猜错9次。
猜测的字母：C，结果: [*I*STIC*S]，还可以猜错9次。
猜测的字母：K，结果: [*I*STICKS]，还可以猜错9次。
猜测的字母：P，结果: [*IPSTICKS]，还可以猜错9次。
猜测的字母：D，结果: [DIPSTICKS]，还可以猜错9次。
[依次猜过的字母]  ["E", "I", "S", "T", "C", "K", "P", "D"]，共8个
[结果]            成功 | DIPSTICKS！

--------------------------------------------------------------------------------
猜测第50个单词，长度为11，可以猜错10次。
猜测的字母：E，结果: [*********E*]，还可以猜错10次。
猜测的字母：S，结果: [***S*****E*]，还可以猜错10次。
猜测的字母：T，结果: [***ST**TTE*]，还可以猜错10次。
猜测的字母：B，结果: [***STB*TTE*]，还可以猜错10次。
猜测的字母：F，结果: [F**STB*TTE*]，还可以猜错10次。
猜测的字母：I，结果: [F**STBITTE*]，还可以猜错10次。
猜测的字母：N，结果: [F**STBITTEN]，还可以猜错10次。
猜测的字母：O，结果: [F*OSTBITTEN]，还可以猜错10次。
猜测的字母：R，结果: [FROSTBITTEN]，还可以猜错10次。
[依次猜过的字母]  ["E", "S", "T", "B", "F", "I", "N", "O", "R"]，共9个
[结果]            成功 | FROSTBITTEN！

--------------------------------------------------------------------------------
猜测第51个单词，长度为10，可以猜错10次。
猜测的字母：E，结果: [****E*****]，还可以猜错10次。
猜测的字母：I，结果: [****E**I**]，还可以猜错10次。
猜测的字母：N，结果: [****E**I*N]，还可以猜错10次。
猜测的字母：O，结果: [*O**E**ION]，还可以猜错10次。
猜测的字母：C，结果: [*O**E**ION]，还可以猜错9次。
猜测的字母：P，结果: [PO**E**ION]，还可以猜错9次。
猜测的字母：S，结果: [POSSESSION]，还可以猜错9次。
[依次猜过的字母]  ["E", "I", "N", "O", "C", "P", "S"]，共7个
[结果]            成功 | POSSESSION！

--------------------------------------------------------------------------------
猜测第52个单词，长度为11，可以猜错10次。
猜测的字母：E，结果: [*********E*]，还可以猜错10次。
猜测的字母：S，结果: [****S****E*]，还可以猜错10次。
猜测的字母：T，结果: [T***S****E*]，还可以猜错10次。
猜测的字母：N，结果: [T**NS****E*]，还可以猜错10次。
猜测的字母：A，结果: [T*ANS****E*]，还可以猜错10次。
猜测的字母：R，结果: [TRANS*R**E*]，还可以猜错10次。
猜测的字母：B，结果: [TRANS*R*BE*]，还可以猜错10次。
猜测的字母：C，结果: [TRANSCR*BE*]，还可以猜错10次。
猜测的字母：D，结果: [TRANSCR*BED]，还可以猜错10次。
猜测的字母：I，结果: [TRANSCRIBED]，还可以猜错10次。
[依次猜过的字母]  ["E", "S", "T", "N", "A", "R", "B", "C", "D", "I"]，共10个
[结果]            成功 | TRANSCRIBED！

--------------------------------------------------------------------------------
猜测第53个单词，长度为9，可以猜错10次。
猜测的字母：E，结果: [*E*****E*]，还可以猜错10次。
猜测的字母：S，结果: [*E*****ES]，还可以猜错10次。
猜测的字母：I，结果: [*E*****ES]，还可以猜错9次。
猜测的字母：A，结果: [*E***A*ES]，还可以猜错9次。
猜测的字母：T，结果: [*E***A*ES]，还可以猜错8次。
猜测的字母：M，结果: [*E***A*ES]，还可以猜错7次。
猜测的字母：C，结果: [*EC**ACES]，还可以猜错7次。
猜测的字母：K，结果: [*ECK*ACES]，还可以猜错7次。
猜测的字母：L，结果: [*ECKLACES]，还可以猜错7次。
猜测的字母：N，结果: [NECKLACES]，还可以猜错7次。
[依次猜过的字母]  ["E", "S", "I", "A", "T", "M", "C", "K", "L", "N"]，共10个
[结果]            成功 | NECKLACES！

--------------------------------------------------------------------------------
猜测第54个单词，长度为10，可以猜错10次。
猜测的字母：E，结果: [*E******E*]，还可以猜错10次。
猜测的字母：S，结果: [SE******ES]，还可以猜错10次。
猜测的字母：I，结果: [SE***I*IES]，还可以猜错10次。
猜测的字母：T，结果: [SE***ITIES]，还可以猜错10次。
猜测的字母：U，结果: [SE*U*ITIES]，还可以猜错10次。
猜测的字母：C，结果: [SECU*ITIES]，还可以猜错10次。
猜测的字母：R，结果: [SECURITIES]，还可以猜错10次。
[依次猜过的字母]  ["E", "S", "I", "T", "U", "C", "R"]，共7个
[结果]            成功 | SECURITIES！

--------------------------------------------------------------------------------
猜测第55个单词，长度为12，可以猜错10次。
猜测的字母：E，结果: [***E*****E**]，还可以猜错10次。
猜测的字母：R，结果: [***ER****ER*]，还可以猜错10次。
猜测的字母：S，结果: [***ER**S*ER*]，还可以猜错10次。
猜测的字母：A，结果: [*A*ER*AS*ER*]，还可以猜错10次。
猜测的字母：B，结果: [*ABER*AS*ER*]，还可以猜错10次。
猜测的字母：D，结果: [*ABERDAS*ER*]，还可以猜错10次。
猜测的字母：H，结果: [HABERDASHER*]，还可以猜错10次。
猜测的字母：Y，结果: [HABERDASHERY]，还可以猜错10次。
[依次猜过的字母]  ["E", "R", "S", "A", "B", "D", "H", "Y"]，共8个
[结果]            成功 | HABERDASHERY！

--------------------------------------------------------------------------------
猜测第56个单词，长度为9，可以猜错10次。
猜测的字母：E，结果: [*********]，还可以猜错9次。
猜测的字母：I，结果: [*********]，还可以猜错8次。
猜测的字母：A，结果: [******A**]，还可以猜错8次。
猜测的字母：O，结果: [**OO**A**]，还可以猜错8次。
猜测的字母：B，结果: [B*OO*BA**]，还可以猜错8次。
猜测的字母：L，结果: [BLOO*BA**]，还可以猜错8次。
猜测的字母：D，结果: [BLOODBA**]，还可以猜错8次。
猜测的字母：H，结果: [BLOODBA*H]，还可以猜错8次。
猜测的字母：T，结果: [BLOODBATH]，还可以猜错8次。
[依次猜过的字母]  ["E", "I", "A", "O", "B", "L", "D", "H", "T"]，共9个
[结果]            成功 | BLOODBATH！

--------------------------------------------------------------------------------
猜测第57个单词，长度为10，可以猜错10次。
猜测的字母：E，结果: [*E*E******]，还可以猜错10次。
猜测的字母：I，结果: [*E*E*I*I**]，还可以猜错10次。
猜测的字母：N，结果: [*E*E*ININ*]，还可以猜错10次。
猜测的字母：D，结果: [*EDE*ININ*]，还可以猜错10次。
猜测的字母：F，结果: [*EDEFININ*]，还可以猜错10次。
猜测的字母：G，结果: [*EDEFINING]，还可以猜错10次。
猜测的字母：R，结果: [REDEFINING]，还可以猜错10次。
[依次猜过的字母]  ["E", "I", "N", "D", "F", "G", "R"]，共7个
[结果]            成功 | REDEFINING！

--------------------------------------------------------------------------------
猜测第58个单词，长度为10，可以猜错10次。
猜测的字母：E，结果: [*****E****]，还可以猜错10次。
猜测的字母：I，结果: [**I**E****]，还可以猜错10次。
猜测的字母：O，结果: [*OI**E*O**]，还可以猜错10次。
猜测的字母：R，结果: [*OI**ERO**]，还可以猜错10次。
猜测的字母：B，结果: [BOI**ERO**]，还可以猜错10次。
猜测的字母：S，结果: [BOIS*ERO*S]，还可以猜错10次。
猜测的字母：T，结果: [BOISTERO*S]，还可以猜错10次。
猜测的字母：U，结果: [BOISTEROUS]，还可以猜错10次。
[依次猜过的字母]  ["E", "I", "O", "R", "B", "S", "T", "U"]，共8个
[结果]            成功 | BOISTEROUS！

--------------------------------------------------------------------------------
猜测第59个单词，长度为9，可以猜错10次。
猜测的字母：E，结果: [**E******]，还可以猜错10次。
猜测的字母：R，结果: [**E******]，还可以猜错9次。
猜测的字母：I，结果: [*IE*I*I**]，还可以猜错9次。
猜测的字母：A，结果: [*IE*I*IA*]，还可以猜错9次。
猜测的字母：D，结果: [DIE*I*IA*]，还可以猜错9次。
猜测的字母：N，结果: [DIE*I*IAN]，还可以猜错9次。
猜测的字母：T，结果: [DIETITIAN]，还可以猜错9次。
[依次猜过的字母]  ["E", "R", "I", "A", "D", "N", "T"]，共7个
[结果]            成功 | DIETITIAN！

--------------------------------------------------------------------------------
猜测第60个单词，长度为9，可以猜错10次。
猜测的字母：E，结果: [*******E*]，还可以猜错10次。
猜测的字母：S，结果: [***S***ES]，还可以猜错10次。
猜测的字母：O，结果: [***S***ES]，还可以猜错9次。
猜测的字母：A，结果: [***SA**ES]，还可以猜错9次。
猜测的字母：I，结果: [***SA*IES]，还可以猜错9次。
猜测的字母：B，结果: [B**SA*IES]，还可以猜错9次。
猜测的字母：R，结果: [B*RSARIES]，还可以猜错9次。
猜测的字母：U，结果: [BURSARIES]，还可以猜错9次。
[依次猜过的字母]  ["E", "S", "O", "A", "I", "B", "R", "U"]，共8个
[结果]            成功 | BURSARIES！

--------------------------------------------------------------------------------
猜测第61个单词，长度为14，可以猜错10次。
猜测的字母：I，结果: [*I***I*I***I**]，还可以猜错10次。
猜测的字母：A，结果: [*I***I*I*A*I**]，还可以猜错10次。
猜测的字母：M，结果: [*I***IMI*A*I**]，还可以猜错10次。
猜测的字母：C，结果: [*I*C*IMI*A*I**]，还可以猜错10次。
猜测的字母：D，结果: [DI*C*IMI*A*I**]，还可以猜错10次。
猜测的字母：N，结果: [DI*C*IMINA*IN*]，还可以猜错10次。
猜测的字母：G，结果: [DI*C*IMINA*ING]，还可以猜错10次。
猜测的字母：R，结果: [DI*CRIMINA*ING]，还可以猜错10次。
猜测的字母：S，结果: [DISCRIMINA*ING]，还可以猜错10次。
猜测的字母：T，结果: [DISCRIMINATING]，还可以猜错10次。
[依次猜过的字母]  ["I", "A", "M", "C", "D", "N", "G", "R", "S", "T"]，共10个
[结果]            成功 | DISCRIMINATING！

--------------------------------------------------------------------------------
猜测第62个单词，长度为13，可以猜错10次。
猜测的字母：I，结果: [********I*I**]，还可以猜错10次。
猜测的字母：T，结果: [*****T*TI*IT*]，还可以猜错10次。
猜测的字母：A，结果: [*****TATI*IT*]，还可以猜错10次。
猜测的字母：C，结果: [C****TATI*IT*]，还可以猜错10次。
猜测的字母：M，结果: [C*MM*TATI*IT*]，还可以猜错10次。
猜测的字母：O，结果: [COMM*TATI*IT*]，还可以猜错10次。
猜测的字母：U，结果: [COMMUTATI*IT*]，还可以猜错10次。
猜测的字母：V，结果: [COMMUTATIVIT*]，还可以猜错10次。
猜测的字母：Y，结果: [COMMUTATIVITY]，还可以猜错10次。
[依次猜过的字母]  ["I", "T", "A", "C", "M", "O", "U", "V", "Y"]，共9个
[结果]            成功 | COMMUTATIVITY！

--------------------------------------------------------------------------------
猜测第63个单词，长度为15，可以猜错10次。
猜测的字母：I，结果: [*I********I****]，还可以猜错10次。
猜测的字母：S，结果: [*IS*******I****]，还可以猜错10次。
猜测的字母：T，结果: [*IS*******I*T**]，还可以猜错10次。
猜测的字母：A，结果: [*ISA******IAT**]，还可以猜错10次。
猜测的字母：D，结果: [*ISA******IAT*D]，还可以猜错10次。
猜测的字母：E，结果: [*ISA******IATED]，还可以猜错10次。
猜测的字母：M，结果: [MISA******IATED]，还可以猜错10次。
猜测的字母：O，结果: [MISA***O**IATED]，还可以猜错10次。
猜测的字母：P，结果: [MISAPP*OP*IATED]，还可以猜错10次。
猜测的字母：R，结果: [MISAPPROPRIATED]，还可以猜错10次。
[依次猜过的字母]  ["I", "S", "T", "A", "D", "E", "M", "O", "P", "R"]，共10个
[结果]            成功 | MISAPPROPRIATED！

--------------------------------------------------------------------------------
猜测第64个单词，长度为13，可以猜错10次。
猜测的字母：I，结果: [******I***I**]，还可以猜错10次。
猜测的字母：A，结果: [****A*I*A*I**]，还可以猜错10次。
猜测的字母：N，结果: [**N*A*INA*I*N]，还可以猜错10次。
猜测的字母：C，结果: [C*N*A*INA*I*N]，还可以猜错10次。
猜测的字母：M，结果: [C*N*AMINA*I*N]，还可以猜错10次。
猜测的字母：O，结果: [CON*AMINA*ION]，还可以猜错10次。
猜测的字母：T，结果: [CONTAMINATION]，还可以猜错10次。
[依次猜过的字母]  ["I", "A", "N", "C", "M", "O", "T"]，共7个
[结果]            成功 | CONTAMINATION！

--------------------------------------------------------------------------------
猜测第65个单词，长度为14，可以猜错10次。
猜测的字母：I，结果: [***********I**]，还可以猜错10次。
猜测的字母：E，结果: [***********I**]，还可以猜错9次。
猜测的字母：O，结果: [******O****IO*]，还可以猜错9次。
猜测的字母：A，结果: [**A***O**A*IO*]，还可以猜错9次。
猜测的字母：N，结果: [**AN**O**A*ION]，还可以猜错9次。
猜测的字母：R，结果: [*RAN**OR*A*ION]，还可以猜错9次。
猜测的字母：S，结果: [*RANS*OR*A*ION]，还可以猜错9次。
猜测的字母：T，结果: [TRANS*ORTATION]，还可以猜错9次。
猜测的字母：P，结果: [TRANSPORTATION]，还可以猜错9次。
[依次猜过的字母]  ["I", "E", "O", "A", "N", "R", "S", "T", "P"]，共9个
[结果]            成功 | TRANSPORTATION！

--------------------------------------------------------------------------------
猜测第66个单词，长度为13，可以猜错10次。
猜测的字母：I，结果: [******I****I*]，还可以猜错10次。
猜测的字母：O，结果: [****O*I****I*]，还可以猜错10次。
猜测的字母：A，结果: [****O*IA***I*]，还可以猜错10次。
猜测的字母：C，结果: [C***O*IA***I*]，还可以猜错10次。
猜测的字母：D，结果: [C***ODIA***I*]，还可以猜错10次。
猜测的字母：H，结果: [C***ODIA**HI*]，还可以猜错10次。
猜测的字母：N，结果: [C***ODIAN*HI*]，还可以猜错10次。
猜测的字母：P，结果: [C***ODIAN*HIP]，还可以猜错10次。
猜测的字母：S，结果: [C*S*ODIANSHIP]，还可以猜错10次。
猜测的字母：T，结果: [C*STODIANSHIP]，还可以猜错10次。
猜测的字母：U，结果: [CUSTODIANSHIP]，还可以猜错10次。
[依次猜过的字母]  ["I", "O", "A", "C", "D", "H", "N", "P", "S", "T", "U"]，共11个
[结果]            成功 | CUSTODIANSHIP！

--------------------------------------------------------------------------------
猜测第67个单词，长度为14，可以猜错10次。
猜测的字母：I，结果: [**********I***]，还可以猜错10次。
猜测的字母：O，结果: [*O********IO**]，还可以猜错10次。
猜测的字母：N，结果: [*ON*******ION*]，还可以猜错10次。
猜测的字母：A，结果: [*ON*****A*ION*]，还可以猜错10次。
猜测的字母：C，结果: [CON*****A*ION*]，还可以猜错10次。
猜测的字母：E，结果: [CON*E*E*A*ION*]，还可以猜错10次。
猜测的字母：D，结果: [CON*EDE*A*ION*]，还可以猜错10次。
猜测的字母：F，结果: [CONFEDE*A*ION*]，还可以猜错10次。
猜测的字母：R，结果: [CONFEDERA*ION*]，还可以猜错10次。
猜测的字母：S，结果: [CONFEDERA*IONS]，还可以猜错10次。
猜测的字母：T，结果: [CONFEDERATIONS]，还可以猜错10次。
[依次猜过的字母]  ["I", "O", "N", "A", "C", "E", "D", "F", "R", "S", "T"]，共11个
[结果]            成功 | CONFEDERATIONS！

--------------------------------------------------------------------------------
猜测第68个单词，长度为13，可以猜错10次。
猜测的字母：I，结果: [*************]，还可以猜错9次。
猜测的字母：E，结果: [*****E*****E*]，还可以猜错9次。
猜测的字母：R，结果: [*****ER****E*]，还可以猜错9次。
猜测的字母：S，结果: [*****ER**S*E*]，还可以猜错9次。
猜测的字母：A，结果: [**A**ER*AS*E*]，还可以猜错9次。
猜测的字母：B，结果: [**ABBER*AS*E*]，还可以猜错9次。
猜测的字母：D，结果: [**ABBER*AS*ED]，还可以猜错9次。
猜测的字母：F，结果: [F*ABBER*AS*ED]，还可以猜错9次。
猜测的字母：G，结果: [F*ABBERGAS*ED]，还可以猜错9次。
猜测的字母：L，结果: [FLABBERGAS*ED]，还可以猜错9次。
猜测的字母：T，结果: [FLABBERGASTED]，还可以猜错9次。
[依次猜过的字母]  ["I", "E", "R", "S", "A", "B", "D", "F", "G", "L", "T"]，共11个
[结果]            成功 | FLABBERGASTED！

--------------------------------------------------------------------------------
猜测第69个单词，长度为14，可以猜错10次。
猜测的字母：I，结果: [***********I**]，还可以猜错10次。
猜测的字母：E，结果: [*E***E**E**I**]，还可以猜错10次。
猜测的字母：A，结果: [*E***E**E**I**]，还可以猜错9次。
[依次猜过的字母]  ["I", "E", "A"]，共3个
[结果]            失败 | *E***E**E**I**！

--------------------------------------------------------------------------------
猜测第70个单词，长度为15，可以猜错10次。
猜测的字母：I，结果: [***************]，还可以猜错9次。
猜测的字母：E，结果: [*****E*******E*]，还可以猜错9次。
猜测的字母：C，结果: [C****E******CE*]，还可以猜错9次。
猜测的字母：A，结果: [C****E**A*A*CE*]，还可以猜错9次。
猜测的字母：B，结果: [C****E*BA*A*CE*]，还可以猜错9次。
猜测的字母：L，结果: [C****E*BALA*CE*]，还可以猜错9次。
猜测的字母：N，结果: [C**N*E*BALANCE*]，还可以猜错9次。
猜测的字母：O，结果: [CO*N*E*BALANCE*]，还可以猜错9次。
猜测的字母：R，结果: [CO*N*ERBALANCE*]，还可以猜错9次。
猜测的字母：T，结果: [CO*NTERBALANCE*]，还可以猜错9次。
猜测的字母：U，结果: [COUNTERBALANCE*]，还可以猜错9次。
猜测的字母：D，结果: [COUNTERBALANCED]，还可以猜错9次。
[依次猜过的字母]  ["I", "E", "C", "A", "B", "L", "N", "O", "R", "T", "U", "D"]，共12个
[结果]            成功 | COUNTERBALANCED！

--------------------------------------------------------------------------------
猜测第71个单词，长度为13，可以猜错10次。
猜测的字母：I，结果: [*************]，还可以猜错9次。
猜测的字母：E，结果: [**********E**]，还可以猜错9次。
猜测的字母：S，结果: [S*********E*S]，还可以猜错9次。
猜测的字母：A，结果: [S*********E*S]，还可以猜错8次。
[依次猜过的字母]  ["I", "E", "S", "A"]，共4个
[结果]            失败 | S*********E*S！

--------------------------------------------------------------------------------
猜测第72个单词，长度为13，可以猜错10次。
猜测的字母：I，结果: [**I****I*****]，还可以猜错10次。
猜测的字母：L，结果: [*LI****I***L*]，还可以猜错10次。
猜测的字母：A，结果: [*LI**A*I***L*]，还可以猜错10次。
猜测的字母：F，结果: [FLI**A*I***L*]，还可以猜错10次。
猜测的字母：O，结果: [FLI**A*IO**L*]，还可以猜错10次。
猜测的字母：R，结果: [FLIR*A*IO**L*]，还可以猜错10次。
猜测的字母：S，结果: [FLIR*A*IO*SL*]，还可以猜错10次。
猜测的字母：T，结果: [FLIRTATIO*SL*]，还可以猜错10次。
猜测的字母：U，结果: [FLIRTATIOUSL*]，还可以猜错10次。
猜测的字母：Y，结果: [FLIRTATIOUSLY]，还可以猜错10次。
[依次猜过的字母]  ["I", "L", "A", "F", "O", "R", "S", "T", "U", "Y"]，共10个
[结果]            成功 | FLIRTATIOUSLY！

--------------------------------------------------------------------------------
猜测第73个单词，长度为13，可以猜错10次。
猜测的字母：I，结果: [******I***I**]，还可以猜错10次。
猜测的字母：A，结果: [******I*A*I**]，还可以猜错10次。
猜测的字母：T，结果: [******ITATI**]，还可以猜错10次。
猜测的字母：E，结果: [*E****ITATI**]，还可以猜错10次。
猜测的字母：N，结果: [*E****ITATI*N]，还可以猜错10次。
猜测的字母：O，结果: [*E****ITATION]，还可以猜错10次。
猜测的字母：R，结果: [RE**R*ITATION]，还可以猜错10次。
猜测的字母：G，结果: [REG*RGITATION]，还可以猜错10次。
猜测的字母：U，结果: [REGURGITATION]，还可以猜错10次。
[依次猜过的字母]  ["I", "A", "T", "E", "N", "O", "R", "G", "U"]，共9个
[结果]            成功 | REGURGITATION！

--------------------------------------------------------------------------------
猜测第74个单词，长度为13，可以猜错10次。
猜测的字母：I，结果: [**********I**]，还可以猜错10次。
猜测的字母：E，结果: [****E*****I**]，还可以猜错10次。
猜测的字母：O，结果: [O***E**O**I**]，还可以猜错10次。
猜测的字母：F，结果: [O***E*FO**I**]，还可以猜错10次。
猜测的字母：G，结果: [O***E*FO**I*G]，还可以猜错10次。
猜测的字母：M，结果: [O***E*FO*MI*G]，还可以猜错10次。
猜测的字母：N，结果: [O***E*FO*MING]，还可以猜错10次。
猜测的字母：P，结果: [O**PE*FO*MING]，还可以猜错10次。
猜测的字母：R，结果: [O**PERFORMING]，还可以猜错10次。
猜测的字母：T，结果: [O*TPERFORMING]，还可以猜错10次。
猜测的字母：U，结果: [OUTPERFORMING]，还可以猜错10次。
[依次猜过的字母]  ["I", "E", "O", "F", "G", "M", "N", "P", "R", "T", "U"]，共11个
[结果]            成功 | OUTPERFORMING！

--------------------------------------------------------------------------------
猜测第75个单词，长度为14，可以猜错10次。
猜测的字母：I，结果: [*****I**I**I**]，还可以猜错10次。
猜测的字母：N，结果: [*****I**I**IN*]，还可以猜错10次。
[依次猜过的字母]  ["I", "N"]，共2个
[结果]            失败 | *****I**I**IN*！

--------------------------------------------------------------------------------
猜测第76个单词，长度为15，可以猜错10次。
猜测的字母：I，结果: [************I**]，还可以猜错10次。
猜测的字母：O，结果: [*****O******IO*]，还可以猜错10次。
猜测的字母：A，结果: [**A**O****A*IO*]，还可以猜错10次。
猜测的字母：E，结果: [*EA**O*E**A*IO*]，还可以猜错10次。
猜测的字母：F，结果: [*EAFFO*E**A*IO*]，还可以猜错10次。
猜测的字母：N，结果: [*EAFFO*E**A*ION]，还可以猜错10次。
猜测的字母：R，结果: [REAFFORE**A*ION]，还可以猜错10次。
猜测的字母：S，结果: [REAFFORES*A*ION]，还可以猜错10次。
猜测的字母：T，结果: [REAFFORESTATION]，还可以猜错10次。
[依次猜过的字母]  ["I", "O", "A", "E", "F", "N", "R", "S", "T"]，共9个
[结果]            成功 | REAFFORESTATION！

--------------------------------------------------------------------------------
猜测第77个单词，长度为13，可以猜错10次。
猜测的字母：I，结果: [*I*****I*****]，还可以猜错10次。
猜测的字母：E，结果: [*I**E**I*****]，还可以猜错10次。
猜测的字母：A，结果: [*IA*E**I*A***]，还可以猜错10次。
猜测的字母：C，结果: [*IA*EC*ICA***]，还可以猜错10次。
猜测的字母：D，结果: [DIA*EC*ICA***]，还可以猜错10次。
猜测的字母：L，结果: [DIALEC*ICALL*]，还可以猜错10次。
猜测的字母：T，结果: [DIALECTICALL*]，还可以猜错10次。
猜测的字母：Y，结果: [DIALECTICALLY]，还可以猜错10次。
[依次猜过的字母]  ["I", "E", "A", "C", "D", "L", "T", "Y"]，共8个
[结果]            成功 | DIALECTICALLY！

--------------------------------------------------------------------------------
猜测第78个单词，长度为13，可以猜错10次。
猜测的字母：I，结果: [*************]，还可以猜错9次。
猜测的字母：E，结果: [E******E*E***]，还可以猜错9次。
猜测的字母：M，结果: [E******EME***]，还可以猜错9次。
猜测的字母：N，结果: [EN**N**EMEN**]，还可以猜错9次。
猜测的字母：A，结果: [EN*AN**EMEN**]，还可以猜错9次。
猜测的字母：G，结果: [EN*ANG*EMEN**]，还可以猜错9次。
猜测的字母：L，结果: [EN*ANGLEMEN**]，还可以猜错9次。
猜测的字母：S，结果: [EN*ANGLEMEN*S]，还可以猜错9次。
猜测的字母：T，结果: [ENTANGLEMENTS]，还可以猜错9次。
[依次猜过的字母]  ["I", "E", "M", "N", "A", "G", "L", "S", "T"]，共9个
[结果]            成功 | ENTANGLEMENTS！

--------------------------------------------------------------------------------
猜测第79个单词，长度为13，可以猜错10次。
猜测的字母：I，结果: [****I****I***]，还可以猜错10次。
猜测的字母：S，结果: [****IS***I**S]，还可以猜错10次。
猜测的字母：A，结果: [****IS*A*I**S]，还可以猜错10次。
猜测的字母：C，结果: [C***ISCA*I**S]，还可以猜错10次。
猜测的字母：F，结果: [C**FISCA*I**S]，还可以猜错10次。
猜测的字母：N，结果: [C*NFISCA*I*NS]，还可以猜错10次。
猜测的字母：O，结果: [CONFISCA*IONS]，还可以猜错10次。
猜测的字母：T，结果: [CONFISCATIONS]，还可以猜错10次。
[依次猜过的字母]  ["I", "S", "A", "C", "F", "N", "O", "T"]，共8个
[结果]            成功 | CONFISCATIONS！

--------------------------------------------------------------------------------
猜测第80个单词，长度为13，可以猜错10次。
猜测的字母：I，结果: [*************]，还可以猜错9次。
猜测的字母：E，结果: [E***E**E*E***]，还可以猜错9次。
猜测的字母：N，结果: [EN**E**ENE***]，还可以猜错9次。
猜测的字母：P，结果: [EN**EP*ENE***]，还可以猜错9次。
猜测的字母：R，结果: [EN*REPRENE*R*]，还可以猜错9次。
猜测的字母：S，结果: [EN*REPRENE*RS]，还可以猜错9次。
猜测的字母：T，结果: [ENTREPRENE*RS]，还可以猜错9次。
猜测的字母：U，结果: [ENTREPRENEURS]，还可以猜错9次。
[依次猜过的字母]  ["I", "E", "N", "P", "R", "S", "T", "U"]，共8个
[结果]            成功 | ENTREPRENEURS！


猜单词结果是: {"sessionId"=>"408b33250f829ffeba9dcc28f7b63a65", "data"=>{"totalWordCount"=>80, "correctWordCount"=>73, "totalWrongGuessCount"=>222, "score"=>1238}}

提交猜词结果 [Y/n]? y
提交成功: {"message"=>"GAME OVER", "sessionId"=>"408b33250f829ffeba9dcc28f7b63a65", "data"=>{"playerId"=>"xuncheng.ruby@gmail.com", "sessionId"=>"408b33250f829ffeba9dcc28f7b63a65", "totalWordCount"=>80, "correctWordCount"=>73, "totalWrongGuessCount"=>222, "score"=>1238, "datetime"=>"2015-10-22 17:56:15"}}
